[debug] [2026-03-21T15:37:43.050Z] ----------------------------------------------------------------------
[debug] [2026-03-21T15:37:43.053Z] Command:       C:\Program Files\nodejs\node.exe C:\Users\DELL\AppData\Roaming\npm\node_modules\firebase-tools\lib\bin\firebase.js init
[debug] [2026-03-21T15:37:43.054Z] CLI Version:   15.11.0
[debug] [2026-03-21T15:37:43.054Z] Platform:      win32
[debug] [2026-03-21T15:37:43.054Z] Node Version:  v24.14.0
[debug] [2026-03-21T15:37:43.054Z] Time:          Sat Mar 21 2026 21:07:43 GMT+0530 (India Standard Time)
[debug] [2026-03-21T15:37:43.054Z] ----------------------------------------------------------------------
[debug] 
[info] 
     ######## #### ########  ######## ########     ###     ######  ########
     ##        ##  ##     ## ##       ##     ##  ##   ##  ##       ##
     ######    ##  ########  ######   ########  #########  ######  ######
     ##        ##  ##    ##  ##       ##     ## ##     ##       ## ##
     ##       #### ##     ## ######## ########  ##     ##  ######  ########

You're about to initialize a Firebase project in this directory:

  C:\Arun\SIMATS\HealthGenix\frontend\healthgenix-frontend

Before we get started, keep in mind:

  * You are currently outside your home directory

[info] 
=== Project Setup
[info] 
[info] First, let's associate this project directory with a Firebase project.
[info] You can create multiple project aliases by running firebase use --add, 
[info] 
[debug] [2026-03-21T15:39:37.463Z] > command requires scopes: ["email","openid","https://www.googleapis.com/auth/cloudplatformprojects.readonly","https://www.googleapis.com/auth/firebase","https://www.googleapis.com/auth/cloud-platform"]
[debug] [2026-03-21T15:39:37.463Z] > authorizing via signed-in user (arunssc2020@gmail.com)
[debug] [2026-03-21T15:39:37.466Z] Checked if tokens are valid: true, expires at: 1774111048359
[debug] [2026-03-21T15:39:37.467Z] Checked if tokens are valid: true, expires at: 1774111048359
[debug] [2026-03-21T15:39:37.470Z] >>> [apiv2][query] GET https://firebase.googleapis.com/v1beta1/projects pageSize=100
[debug] [2026-03-21T15:39:38.492Z] <<< [apiv2][status] GET https://firebase.googleapis.com/v1beta1/projects 200
[debug] [2026-03-21T15:39:38.492Z] <<< [apiv2][body] GET https://firebase.googleapis.com/v1beta1/projects [omitted]
[info] 
=== Dataconnect Setup
[info] i  dataconnect: ensuring required API firebasedataconnect.googleapis.com is enabled... 
[debug] [2026-03-21T15:39:39.567Z] Checked if tokens are valid: true, expires at: 1774111048359
[debug] [2026-03-21T15:39:39.567Z] Checked if tokens are valid: true, expires at: 1774111048359
[info] i  dataconnect: ensuring required API sqladmin.googleapis.com is enabled... 
[debug] [2026-03-21T15:39:39.570Z] Checked if tokens are valid: true, expires at: 1774111048359
[debug] [2026-03-21T15:39:39.570Z] Checked if tokens are valid: true, expires at: 1774111048359
[debug] [2026-03-21T15:39:39.570Z] >>> [apiv2][query] GET https://serviceusage.googleapis.com/v1/projects/healthgenix-fed23/services/firebasedataconnect.googleapis.com [none]
[debug] [2026-03-21T15:39:39.571Z] >>> [apiv2][(partial)header] GET https://serviceusage.googleapis.com/v1/projects/healthgenix-fed23/services/firebasedataconnect.googleapis.com  x-goog-user-project=healthgenix-fed23
[debug] [2026-03-21T15:39:39.573Z] >>> [apiv2][query] GET https://serviceusage.googleapis.com/v1/projects/healthgenix-fed23/services/sqladmin.googleapis.com [none]
[debug] [2026-03-21T15:39:39.574Z] >>> [apiv2][(partial)header] GET https://serviceusage.googleapis.com/v1/projects/healthgenix-fed23/services/sqladmin.googleapis.com  x-goog-user-project=healthgenix-fed23
[debug] [2026-03-21T15:39:41.324Z] <<< [apiv2][status] GET https://serviceusage.googleapis.com/v1/projects/healthgenix-fed23/services/sqladmin.googleapis.com 200
[debug] [2026-03-21T15:39:41.325Z] <<< [apiv2][body] GET https://serviceusage.googleapis.com/v1/projects/healthgenix-fed23/services/sqladmin.googleapis.com [omitted]
[warn] !  dataconnect: missing required API sqladmin.googleapis.com. Enabling now... 
[debug] [2026-03-21T15:39:41.326Z] Checked if tokens are valid: true, expires at: 1774111048359
[debug] [2026-03-21T15:39:41.327Z] Checked if tokens are valid: true, expires at: 1774111048359
[debug] [2026-03-21T15:39:41.327Z] >>> [apiv2][query] POST https://serviceusage.googleapis.com/v1/projects/healthgenix-fed23/services/sqladmin.googleapis.com:enable [none]
[debug] [2026-03-21T15:39:41.327Z] >>> [apiv2][(partial)header] POST https://serviceusage.googleapis.com/v1/projects/healthgenix-fed23/services/sqladmin.googleapis.com:enable  x-goog-user-project=healthgenix-fed23
[debug] [2026-03-21T15:39:41.331Z] <<< [apiv2][status] GET https://serviceusage.googleapis.com/v1/projects/healthgenix-fed23/services/firebasedataconnect.googleapis.com 200
[debug] [2026-03-21T15:39:41.332Z] <<< [apiv2][body] GET https://serviceusage.googleapis.com/v1/projects/healthgenix-fed23/services/firebasedataconnect.googleapis.com [omitted]
[warn] !  dataconnect: missing required API firebasedataconnect.googleapis.com. Enabling now... 
[debug] [2026-03-21T15:39:41.333Z] Checked if tokens are valid: true, expires at: 1774111048359
[debug] [2026-03-21T15:39:41.333Z] Checked if tokens are valid: true, expires at: 1774111048359
[debug] [2026-03-21T15:39:41.333Z] >>> [apiv2][query] POST https://serviceusage.googleapis.com/v1/projects/healthgenix-fed23/services/firebasedataconnect.googleapis.com:enable [none]
[debug] [2026-03-21T15:39:41.334Z] >>> [apiv2][(partial)header] POST https://serviceusage.googleapis.com/v1/projects/healthgenix-fed23/services/firebasedataconnect.googleapis.com:enable  x-goog-user-project=healthgenix-fed23
[debug] [2026-03-21T15:39:42.172Z] <<< [apiv2][status] POST https://serviceusage.googleapis.com/v1/projects/healthgenix-fed23/services/sqladmin.googleapis.com:enable 200
[debug] [2026-03-21T15:39:42.172Z] <<< [apiv2][body] POST https://serviceusage.googleapis.com/v1/projects/healthgenix-fed23/services/sqladmin.googleapis.com:enable [omitted]
[debug] [2026-03-21T15:39:43.200Z] <<< [apiv2][status] POST https://serviceusage.googleapis.com/v1/projects/healthgenix-fed23/services/firebasedataconnect.googleapis.com:enable 200
[debug] [2026-03-21T15:39:43.200Z] <<< [apiv2][body] POST https://serviceusage.googleapis.com/v1/projects/healthgenix-fed23/services/firebasedataconnect.googleapis.com:enable [omitted]
[debug] [2026-03-21T15:39:53.220Z] Checked if tokens are valid: true, expires at: 1774111048359
[debug] [2026-03-21T15:39:53.221Z] Checked if tokens are valid: true, expires at: 1774111048359
[debug] [2026-03-21T15:39:53.221Z] >>> [apiv2][query] GET https://firebasedataconnect.googleapis.com/v1/projects/healthgenix-fed23/locations/-/services [none]
[debug] [2026-03-21T15:39:55.278Z] <<< [apiv2][status] GET https://firebasedataconnect.googleapis.com/v1/projects/healthgenix-fed23/locations/-/services 200
[debug] [2026-03-21T15:39:55.279Z] <<< [apiv2][body] GET https://firebasedataconnect.googleapis.com/v1/projects/healthgenix-fed23/locations/-/services {}
[debug] [2026-03-21T15:39:55.291Z] Checked if tokens are valid: true, expires at: 1774111048359
[debug] [2026-03-21T15:39:55.292Z] Checked if tokens are valid: true, expires at: 1774111048359
[debug] [2026-03-21T15:39:55.292Z] >>> [apiv2][query] GET https://cloudbilling.googleapis.com/v1/projects/healthgenix-fed23/billingInfo [none]
[debug] [2026-03-21T15:39:56.912Z] <<< [apiv2][status] GET https://cloudbilling.googleapis.com/v1/projects/healthgenix-fed23/billingInfo 200
[debug] [2026-03-21T15:39:56.912Z] <<< [apiv2][body] GET https://cloudbilling.googleapis.com/v1/projects/healthgenix-fed23/billingInfo {"name":"projects/healthgenix-fed23/billingInfo","projectId":"healthgenix-fed23","billingAccountName":"","billingEnabled":false}
[debug] [2026-03-21T15:39:56.913Z] Checked if tokens are valid: true, expires at: 1774111048359
[debug] [2026-03-21T15:39:56.914Z] Checked if tokens are valid: true, expires at: 1774111048359
[debug] [2026-03-21T15:39:56.914Z] >>> [apiv2][query] GET https://monitoring.googleapis.com/v3/projects/healthgenix-fed23/timeSeries/ filter=metric.type%3D%22serviceruntime.googleapis.com%2Fquota%2Fallocation%2Fusage%22+AND+metric.label.quota_metric+%3D+%22sqladmin.googleapis.com%2Ffdc_lifetime_free_trial_per_project%22&interval.endTime=2026-03-21T15%3A39%3A56.913Z&interval.startTime=2026-03-14T15%3A39%3A56.912Z
[debug] [2026-03-21T15:39:58.856Z] <<< [apiv2][status] GET https://monitoring.googleapis.com/v3/projects/healthgenix-fed23/timeSeries/ 200
[debug] [2026-03-21T15:39:58.856Z] <<< [apiv2][body] GET https://monitoring.googleapis.com/v3/projects/healthgenix-fed23/timeSeries/ {"unit":"1"}
[info] +  dataconnect: CloudSQL no cost trial available! 
[debug] [2026-03-21T15:39:58.859Z] Checked if tokens are valid: true, expires at: 1774111048359
[debug] [2026-03-21T15:39:58.860Z] Checked if tokens are valid: true, expires at: 1774111048359
[debug] [2026-03-21T15:39:58.860Z] >>> [apiv2][query] GET https://sqladmin.googleapis.com/v1/projects/healthgenix-fed23/instances [none]
[debug] [2026-03-21T15:40:00.197Z] <<< [apiv2][status] GET https://sqladmin.googleapis.com/v1/projects/healthgenix-fed23/instances 200
[debug] [2026-03-21T15:40:00.197Z] <<< [apiv2][body] GET https://sqladmin.googleapis.com/v1/projects/healthgenix-fed23/instances {}
[debug] [2026-03-21T15:40:00.198Z] Checked if tokens are valid: true, expires at: 1774111048359
[debug] [2026-03-21T15:40:00.198Z] Checked if tokens are valid: true, expires at: 1774111048359
[debug] [2026-03-21T15:40:00.198Z] >>> [apiv2][query] GET https://firebasedataconnect.googleapis.com/v1/projects/healthgenix-fed23/locations [none]
[debug] [2026-03-21T15:40:00.539Z] <<< [apiv2][status] GET https://firebasedataconnect.googleapis.com/v1/projects/healthgenix-fed23/locations 200
[debug] [2026-03-21T15:40:00.540Z] <<< [apiv2][body] GET https://firebasedataconnect.googleapis.com/v1/projects/healthgenix-fed23/locations {"locations":[{"name":"projects/healthgenix-fed23/locations/asia-east1","locationId":"asia-east1","displayName":"Taiwan"},{"name":"projects/healthgenix-fed23/locations/asia-east2","locationId":"asia-east2","displayName":"Hong Kong"},{"name":"projects/healthgenix-fed23/locations/asia-northeast1","locationId":"asia-northeast1","displayName":"Tokyo"},{"name":"projects/healthgenix-fed23/locations/asia-northeast2","locationId":"asia-northeast2","displayName":"Osaka"},{"name":"projects/healthgenix-fed23/locations/asia-northeast3","locationId":"asia-northeast3","displayName":"Seoul"},{"name":"projects/healthgenix-fed23/locations/asia-south1","locationId":"asia-south1","displayName":"Mumbai"},{"name":"projects/healthgenix-fed23/locations/asia-southeast1","locationId":"asia-southeast1","displayName":"Singapore"},{"name":"projects/healthgenix-fed23/locations/asia-southeast2","locationId":"asia-southeast2","displayName":"Jakarta"},{"name":"projects/healthgenix-fed23/locations/australia-southeast1","locationId":"australia-southeast1","displayName":"Sydney"},{"name":"projects/healthgenix-fed23/locations/australia-southeast2","locationId":"australia-southeast2","displayName":"Melbourne"},{"name":"projects/healthgenix-fed23/locations/europe-central2","locationId":"europe-central2","displayName":"Warsaw"},{"name":"projects/healthgenix-fed23/locations/europe-north1","locationId":"europe-north1","displayName":"Finland"},{"name":"projects/healthgenix-fed23/locations/europe-southwest1","locationId":"europe-southwest1","displayName":"Madrid"},{"name":"projects/healthgenix-fed23/locations/europe-west1","locationId":"europe-west1","displayName":"Belgium"},{"name":"projects/healthgenix-fed23/locations/europe-west2","locationId":"europe-west2","displayName":"London"},{"name":"projects/healthgenix-fed23/locations/europe-west3","locationId":"europe-west3","displayName":"Frankfurt"},{"name":"projects/healthgenix-fed23/locations/europe-west4","locationId":"europe-west4","displayName":"Netherlands"},{"name":"projects/healthgenix-fed23/locations/europe-west6","locationId":"europe-west6","displayName":"Zurich"},{"name":"projects/healthgenix-fed23/locations/europe-west8","locationId":"europe-west8","displayName":"Milan"},{"name":"projects/healthgenix-fed23/locations/europe-west9","locationId":"europe-west9","displayName":"Paris"},{"name":"projects/healthgenix-fed23/locations/me-west1","locationId":"me-west1","displayName":"Tel Aviv"},{"name":"projects/healthgenix-fed23/locations/northamerica-northeast1","locationId":"northamerica-northeast1","displayName":"Montréal"},{"name":"projects/healthgenix-fed23/locations/northamerica-northeast2","locationId":"northamerica-northeast2","displayName":"Toronto"},{"name":"projects/healthgenix-fed23/locations/southamerica-east1","locationId":"southamerica-east1","displayName":"São Paulo"},{"name":"projects/healthgenix-fed23/locations/southamerica-west1","locationId":"southamerica-west1","displayName":"Santiago"},{"name":"projects/healthgenix-fed23/locations/us-central1","locationId":"us-central1","displayName":"Iowa"},{"name":"projects/healthgenix-fed23/locations/us-east1","locationId":"us-east1","displayName":"South Carolina"},{"name":"projects/healthgenix-fed23/locations/us-east4","locationId":"us-east4","displayName":"Northern Virginia"},{"name":"projects/healthgenix-fed23/locations/us-south1","locationId":"us-south1","displayName":"Dallas"},{"name":"projects/healthgenix-fed23/locations/us-west1","locationId":"us-west1","displayName":"Oregon"},{"name":"projects/healthgenix-fed23/locations/us-west2","locationId":"us-west2","displayName":"Los Angeles"},{"name":"projects/healthgenix-fed23/locations/us-west3","locationId":"us-west3","displayName":"Salt Lake City"},{"name":"projects/healthgenix-fed23/locations/us-west4","locationId":"us-west4","displayName":"Las Vegas"}]}
[debug] [2026-03-21T16:50:56.738Z] ExitPromptError: User force closed the prompt with SIGINT
    at Interface.sigint (C:\Users\DELL\AppData\Roaming\npm\node_modules\firebase-tools\node_modules\@inquirer\core\dist\commonjs\lib\create-prompt.js:101:37)
    at Interface.emit (node:events:508:28)
    at [_ttyWrite] [as _ttyWrite] (node:internal/readline/interface:1327:18)
    at ReadStream.onkeypress (node:internal/readline/interface:284:20)
    at ReadStream.emit (node:events:520:35)
    at emitKeys (node:internal/readline/utils:371:14)
    at emitKeys.next (<anonymous>)
    at ReadStream.onData (node:internal/readline/emitKeypressEvents:64:36)
    at ReadStream.emit (node:events:508:28)
    at addChunk (node:internal/streams/readable:563:12)
[error] 
[error] Error: An unexpected error has occurred.
